Analysis & Synthesis report for cpu
Sat Jan 08 12:32:15 2022
Quartus Prime Version 20.1.1 Build 720 11/11/2020 SJ Lite Edition


---------------------
; Table of Contents ;
---------------------
  1. Legal Notice
  2. Analysis & Synthesis Summary
  3. Analysis & Synthesis Settings
  4. Parallel Compilation
  5. Analysis & Synthesis Source Files Read
  6. Analysis & Synthesis Resource Usage Summary
  7. Analysis & Synthesis Resource Utilization by Entity
  8. Analysis & Synthesis RAM Summary
  9. General Register Statistics
 10. Registers Added for RAM Pass-Through Logic
 11. Registers Packed Into Inferred Megafunctions
 12. Multiplexer Restructuring Statistics (Restructuring Performed)
 13. Source assignments for alu:ALU_C|ram:RAM_C|altsyncram:RAM_rtl_0|altsyncram_2eg1:auto_generated
 14. Parameter Settings for User Entity Instance: Top-level Entity: |cpu
 15. Parameter Settings for User Entity Instance: alu:ALU_C
 16. Parameter Settings for User Entity Instance: alu:ALU_C|FLASH:FLASH_C
 17. Parameter Settings for User Entity Instance: alu:ALU_C|ram:RAM_C
 18. Parameter Settings for User Entity Instance: alu:ALU_C|io:IO_C
 19. Parameter Settings for Inferred Entity Instance: alu:ALU_C|ram:RAM_C|altsyncram:RAM_rtl_0
 20. Parameter Settings for Inferred Entity Instance: alu:ALU_C|lpm_divide:Mod0
 21. Parameter Settings for Inferred Entity Instance: alu:ALU_C|lpm_divide:Div0
 22. altsyncram Parameter Settings by Entity Instance
 23. Port Connectivity Checks: "alu:ALU_C"
 24. Post-Synthesis Netlist Statistics for Top Partition
 25. Elapsed Time Per Partition
 26. Analysis & Synthesis Messages



----------------
; Legal Notice ;
----------------
Copyright (C) 2020  Intel Corporation. All rights reserved.
Your use of Intel Corporation's design tools, logic functions 
and other software and tools, and any partner logic 
functions, and any output files from any of the foregoing 
(including device programming or simulation files), and any 
associated documentation or information are expressly subject 
to the terms and conditions of the Intel Program License 
Subscription Agreement, the Intel Quartus Prime License Agreement,
the Intel FPGA IP License Agreement, or other applicable license
agreement, including, without limitation, that your use is for
the sole purpose of programming logic devices manufactured by
Intel and sold by Intel or its authorized distributors.  Please
refer to the applicable agreement for further details, at
https://fpgasoftware.intel.com/eula.



+----------------------------------------------------------------------------------+
; Analysis & Synthesis Summary                                                     ;
+------------------------------------+---------------------------------------------+
; Analysis & Synthesis Status        ; Successful - Sat Jan 08 12:32:15 2022       ;
; Quartus Prime Version              ; 20.1.1 Build 720 11/11/2020 SJ Lite Edition ;
; Revision Name                      ; cpu                                         ;
; Top-level Entity Name              ; cpu                                         ;
; Family                             ; MAX 10                                      ;
; Total logic elements               ; 6,282                                       ;
;     Total combinational functions  ; 6,219                                       ;
;     Dedicated logic registers      ; 463                                         ;
; Total registers                    ; 463                                         ;
; Total pins                         ; 18                                          ;
; Total virtual pins                 ; 0                                           ;
; Total memory bits                  ; 32,768                                      ;
; Embedded Multiplier 9-bit elements ; 0                                           ;
; Total PLLs                         ; 0                                           ;
; UFM blocks                         ; 0                                           ;
; ADC blocks                         ; 0                                           ;
+------------------------------------+---------------------------------------------+


+------------------------------------------------------------------------------------------------------------+
; Analysis & Synthesis Settings                                                                              ;
+------------------------------------------------------------------+--------------------+--------------------+
; Option                                                           ; Setting            ; Default Value      ;
+------------------------------------------------------------------+--------------------+--------------------+
; Device                                                           ; 10M08DAF256C8G     ;                    ;
; Top-level entity name                                            ; cpu                ; cpu                ;
; Family name                                                      ; MAX 10             ; Cyclone V          ;
; Use smart compilation                                            ; Off                ; Off                ;
; Enable parallel Assembler and Timing Analyzer during compilation ; On                 ; On                 ;
; Enable compact report table                                      ; Off                ; Off                ;
; Restructure Multiplexers                                         ; Auto               ; Auto               ;
; Create Debugging Nodes for IP Cores                              ; Off                ; Off                ;
; Preserve fewer node names                                        ; On                 ; On                 ;
; Intel FPGA IP Evaluation Mode                                    ; Enable             ; Enable             ;
; Verilog Version                                                  ; Verilog_2001       ; Verilog_2001       ;
; VHDL Version                                                     ; VHDL_1993          ; VHDL_1993          ;
; State Machine Processing                                         ; Auto               ; Auto               ;
; Safe State Machine                                               ; Off                ; Off                ;
; Extract Verilog State Machines                                   ; On                 ; On                 ;
; Extract VHDL State Machines                                      ; On                 ; On                 ;
; Ignore Verilog initial constructs                                ; Off                ; Off                ;
; Iteration limit for constant Verilog loops                       ; 5000               ; 5000               ;
; Iteration limit for non-constant Verilog loops                   ; 250                ; 250                ;
; Add Pass-Through Logic to Inferred RAMs                          ; On                 ; On                 ;
; Infer RAMs from Raw Logic                                        ; On                 ; On                 ;
; Parallel Synthesis                                               ; On                 ; On                 ;
; DSP Block Balancing                                              ; Auto               ; Auto               ;
; NOT Gate Push-Back                                               ; On                 ; On                 ;
; Power-Up Don't Care                                              ; On                 ; On                 ;
; Remove Redundant Logic Cells                                     ; Off                ; Off                ;
; Remove Duplicate Registers                                       ; On                 ; On                 ;
; Ignore CARRY Buffers                                             ; Off                ; Off                ;
; Ignore CASCADE Buffers                                           ; Off                ; Off                ;
; Ignore GLOBAL Buffers                                            ; Off                ; Off                ;
; Ignore ROW GLOBAL Buffers                                        ; Off                ; Off                ;
; Ignore LCELL Buffers                                             ; Off                ; Off                ;
; Ignore SOFT Buffers                                              ; On                 ; On                 ;
; Limit AHDL Integers to 32 Bits                                   ; Off                ; Off                ;
; Optimization Technique                                           ; Balanced           ; Balanced           ;
; Carry Chain Length                                               ; 70                 ; 70                 ;
; Auto Carry Chains                                                ; On                 ; On                 ;
; Auto Open-Drain Pins                                             ; On                 ; On                 ;
; Perform WYSIWYG Primitive Resynthesis                            ; Off                ; Off                ;
; Auto ROM Replacement                                             ; On                 ; On                 ;
; Auto RAM Replacement                                             ; On                 ; On                 ;
; Auto DSP Block Replacement                                       ; On                 ; On                 ;
; Auto Shift Register Replacement                                  ; Auto               ; Auto               ;
; Allow Shift Register Merging across Hierarchies                  ; Auto               ; Auto               ;
; Auto Clock Enable Replacement                                    ; On                 ; On                 ;
; Strict RAM Replacement                                           ; Off                ; Off                ;
; Allow Synchronous Control Signals                                ; On                 ; On                 ;
; Force Use of Synchronous Clear Signals                           ; Off                ; Off                ;
; Auto RAM Block Balancing                                         ; On                 ; On                 ;
; Auto RAM to Logic Cell Conversion                                ; Off                ; Off                ;
; Auto Resource Sharing                                            ; Off                ; Off                ;
; Allow Any RAM Size For Recognition                               ; Off                ; Off                ;
; Allow Any ROM Size For Recognition                               ; Off                ; Off                ;
; Allow Any Shift Register Size For Recognition                    ; Off                ; Off                ;
; Use LogicLock Constraints during Resource Balancing              ; On                 ; On                 ;
; Ignore translate_off and synthesis_off directives                ; Off                ; Off                ;
; Timing-Driven Synthesis                                          ; On                 ; On                 ;
; Report Parameter Settings                                        ; On                 ; On                 ;
; Report Source Assignments                                        ; On                 ; On                 ;
; Report Connectivity Checks                                       ; On                 ; On                 ;
; Ignore Maximum Fan-Out Assignments                               ; Off                ; Off                ;
; Synchronization Register Chain Length                            ; 2                  ; 2                  ;
; Power Optimization During Synthesis                              ; Normal compilation ; Normal compilation ;
; HDL message level                                                ; Level2             ; Level2             ;
; Suppress Register Optimization Related Messages                  ; Off                ; Off                ;
; Number of Removed Registers Reported in Synthesis Report         ; 5000               ; 5000               ;
; Number of Swept Nodes Reported in Synthesis Report               ; 5000               ; 5000               ;
; Number of Inverted Registers Reported in Synthesis Report        ; 100                ; 100                ;
; Clock MUX Protection                                             ; On                 ; On                 ;
; Auto Gated Clock Conversion                                      ; Off                ; Off                ;
; Block Design Naming                                              ; Auto               ; Auto               ;
; SDC constraint protection                                        ; Off                ; Off                ;
; Synthesis Effort                                                 ; Auto               ; Auto               ;
; Shift Register Replacement - Allow Asynchronous Clear Signal     ; On                 ; On                 ;
; Pre-Mapping Resynthesis Optimization                             ; Off                ; Off                ;
; Analysis & Synthesis Message Level                               ; Medium             ; Medium             ;
; Disable Register Merging Across Hierarchies                      ; Auto               ; Auto               ;
; Resource Aware Inference For Block RAM                           ; On                 ; On                 ;
+------------------------------------------------------------------+--------------------+--------------------+


+------------------------------------------+
; Parallel Compilation                     ;
+----------------------------+-------------+
; Processors                 ; Number      ;
+----------------------------+-------------+
; Number detected on machine ; 8           ;
; Maximum allowed            ; 4           ;
;                            ;             ;
; Average used               ; 1.00        ;
; Maximum used               ; 4           ;
;                            ;             ;
; Usage by Processor         ; % Time Used ;
;     Processor 1            ; 100.0%      ;
;     Processor 2            ;   0.0%      ;
;     Processor 3            ;   0.0%      ;
;     Processor 4            ;   0.0%      ;
+----------------------------+-------------+


+----------------------------------------------------------------------------------------------------------------------------------------------------------------------------+
; Analysis & Synthesis Source Files Read                                                                                                                                     ;
+----------------------------------+-----------------+------------------------------+------------------------------------------------------------------------------+---------+
; File Name with User-Entered Path ; Used in Netlist ; File Type                    ; File Name with Absolute Path                                                 ; Library ;
+----------------------------------+-----------------+------------------------------+------------------------------------------------------------------------------+---------+
; ../src/ram.vhd                   ; yes             ; User VHDL File               ; C:/Users/siedl/Desktop/FPGA-CPU/src/ram.vhd                                  ;         ;
; ../src/io.vhd                    ; yes             ; User VHDL File               ; C:/Users/siedl/Desktop/FPGA-CPU/src/io.vhd                                   ;         ;
; ../src/flash.vhd                 ; yes             ; User VHDL File               ; C:/Users/siedl/Desktop/FPGA-CPU/src/flash.vhd                                ;         ;
; ../src/cpu.vhd                   ; yes             ; User VHDL File               ; C:/Users/siedl/Desktop/FPGA-CPU/src/cpu.vhd                                  ;         ;
; ../src/alu.vhd                   ; yes             ; User VHDL File               ; C:/Users/siedl/Desktop/FPGA-CPU/src/alu.vhd                                  ;         ;
; altsyncram.tdf                   ; yes             ; Megafunction                 ; c:/intelfpga_lite/20.1/quartus/libraries/megafunctions/altsyncram.tdf        ;         ;
; stratix_ram_block.inc            ; yes             ; Megafunction                 ; c:/intelfpga_lite/20.1/quartus/libraries/megafunctions/stratix_ram_block.inc ;         ;
; lpm_mux.inc                      ; yes             ; Megafunction                 ; c:/intelfpga_lite/20.1/quartus/libraries/megafunctions/lpm_mux.inc           ;         ;
; lpm_decode.inc                   ; yes             ; Megafunction                 ; c:/intelfpga_lite/20.1/quartus/libraries/megafunctions/lpm_decode.inc        ;         ;
; aglobal201.inc                   ; yes             ; Megafunction                 ; c:/intelfpga_lite/20.1/quartus/libraries/megafunctions/aglobal201.inc        ;         ;
; a_rdenreg.inc                    ; yes             ; Megafunction                 ; c:/intelfpga_lite/20.1/quartus/libraries/megafunctions/a_rdenreg.inc         ;         ;
; altrom.inc                       ; yes             ; Megafunction                 ; c:/intelfpga_lite/20.1/quartus/libraries/megafunctions/altrom.inc            ;         ;
; altram.inc                       ; yes             ; Megafunction                 ; c:/intelfpga_lite/20.1/quartus/libraries/megafunctions/altram.inc            ;         ;
; altdpram.inc                     ; yes             ; Megafunction                 ; c:/intelfpga_lite/20.1/quartus/libraries/megafunctions/altdpram.inc          ;         ;
; db/altsyncram_2eg1.tdf           ; yes             ; Auto-Generated Megafunction  ; C:/Users/siedl/Desktop/FPGA-CPU/hw/db/altsyncram_2eg1.tdf                    ;         ;
; lpm_divide.tdf                   ; yes             ; Megafunction                 ; c:/intelfpga_lite/20.1/quartus/libraries/megafunctions/lpm_divide.tdf        ;         ;
; abs_divider.inc                  ; yes             ; Megafunction                 ; c:/intelfpga_lite/20.1/quartus/libraries/megafunctions/abs_divider.inc       ;         ;
; sign_div_unsign.inc              ; yes             ; Megafunction                 ; c:/intelfpga_lite/20.1/quartus/libraries/megafunctions/sign_div_unsign.inc   ;         ;
; db/lpm_divide_anl.tdf            ; yes             ; Auto-Generated Megafunction  ; C:/Users/siedl/Desktop/FPGA-CPU/hw/db/lpm_divide_anl.tdf                     ;         ;
; db/sign_div_unsign_9nh.tdf       ; yes             ; Auto-Generated Megafunction  ; C:/Users/siedl/Desktop/FPGA-CPU/hw/db/sign_div_unsign_9nh.tdf                ;         ;
; db/alt_u_div_ske.tdf             ; yes             ; Auto-Generated Megafunction  ; C:/Users/siedl/Desktop/FPGA-CPU/hw/db/alt_u_div_ske.tdf                      ;         ;
; db/add_sub_t3c.tdf               ; yes             ; Auto-Generated Megafunction  ; C:/Users/siedl/Desktop/FPGA-CPU/hw/db/add_sub_t3c.tdf                        ;         ;
; db/add_sub_u3c.tdf               ; yes             ; Auto-Generated Megafunction  ; C:/Users/siedl/Desktop/FPGA-CPU/hw/db/add_sub_u3c.tdf                        ;         ;
; db/lpm_divide_7vl.tdf            ; yes             ; Auto-Generated Megafunction  ; C:/Users/siedl/Desktop/FPGA-CPU/hw/db/lpm_divide_7vl.tdf                     ;         ;
+----------------------------------+-----------------+------------------------------+------------------------------------------------------------------------------+---------+


+---------------------------------------------------------+
; Analysis & Synthesis Resource Usage Summary             ;
+---------------------------------------------+-----------+
; Resource                                    ; Usage     ;
+---------------------------------------------+-----------+
; Estimated Total logic elements              ; 6,282     ;
;                                             ;           ;
; Total combinational functions               ; 6219      ;
; Logic element usage by number of LUT inputs ;           ;
;     -- 4 input functions                    ; 3941      ;
;     -- 3 input functions                    ; 1733      ;
;     -- <=2 input functions                  ; 545       ;
;                                             ;           ;
; Logic elements by mode                      ;           ;
;     -- normal mode                          ; 4775      ;
;     -- arithmetic mode                      ; 1444      ;
;                                             ;           ;
; Total registers                             ; 463       ;
;     -- Dedicated logic registers            ; 463       ;
;     -- I/O registers                        ; 0         ;
;                                             ;           ;
; I/O pins                                    ; 18        ;
; Total memory bits                           ; 32768     ;
;                                             ;           ;
; Embedded Multiplier 9-bit elements          ; 0         ;
;                                             ;           ;
; Maximum fan-out node                        ; RST~input ;
; Maximum fan-out                             ; 503       ;
; Total fan-out                               ; 23390     ;
; Average fan-out                             ; 3.47      ;
+---------------------------------------------+-----------+


+-------------------------------------------------------------------------------------------------------------------------------------------------------------------------------------------------------------------------------------------------------------------------------------------------------------------------------------------------------------------------------+
; Analysis & Synthesis Resource Utilization by Entity                                                                                                                                                                                                                                                                                                                           ;
+----------------------------------------------+---------------------+---------------------------+-------------+------------+--------------+---------+-----------+------+--------------+------------+--------------------------------------------------------------------------------------------------------------------------------------+---------------------+--------------+
; Compilation Hierarchy Node                   ; Combinational ALUTs ; Dedicated Logic Registers ; Memory Bits ; UFM Blocks ; DSP Elements ; DSP 9x9 ; DSP 18x18 ; Pins ; Virtual Pins ; ADC blocks ; Full Hierarchy Name                                                                                                                  ; Entity Name         ; Library Name ;
+----------------------------------------------+---------------------+---------------------------+-------------+------------+--------------+---------+-----------+------+--------------+------------+--------------------------------------------------------------------------------------------------------------------------------------+---------------------+--------------+
; |cpu                                         ; 6219 (0)            ; 463 (0)                   ; 32768       ; 0          ; 0            ; 0       ; 0         ; 18   ; 0            ; 0          ; |cpu                                                                                                                                 ; cpu                 ; work         ;
;    |alu:ALU_C|                               ; 6219 (3936)         ; 463 (375)                 ; 32768       ; 0          ; 0            ; 0       ; 0         ; 0    ; 0            ; 0          ; |cpu|alu:ALU_C                                                                                                                       ; alu                 ; work         ;
;       |FLASH:FLASH_C|                        ; 106 (106)           ; 0 (0)                     ; 0           ; 0          ; 0            ; 0       ; 0         ; 0    ; 0            ; 0          ; |cpu|alu:ALU_C|FLASH:FLASH_C                                                                                                         ; FLASH               ; work         ;
;       |io:IO_C|                              ; 16 (16)             ; 16 (16)                   ; 0           ; 0          ; 0            ; 0       ; 0         ; 0    ; 0            ; 0          ; |cpu|alu:ALU_C|io:IO_C                                                                                                               ; io                  ; work         ;
;       |lpm_divide:Div0|                      ; 1048 (0)            ; 0 (0)                     ; 0           ; 0          ; 0            ; 0       ; 0         ; 0    ; 0            ; 0          ; |cpu|alu:ALU_C|lpm_divide:Div0                                                                                                       ; lpm_divide          ; work         ;
;          |lpm_divide_7vl:auto_generated|     ; 1048 (0)            ; 0 (0)                     ; 0           ; 0          ; 0            ; 0       ; 0         ; 0    ; 0            ; 0          ; |cpu|alu:ALU_C|lpm_divide:Div0|lpm_divide_7vl:auto_generated                                                                         ; lpm_divide_7vl      ; work         ;
;             |sign_div_unsign_9nh:divider|    ; 1048 (0)            ; 0 (0)                     ; 0           ; 0          ; 0            ; 0       ; 0         ; 0    ; 0            ; 0          ; |cpu|alu:ALU_C|lpm_divide:Div0|lpm_divide_7vl:auto_generated|sign_div_unsign_9nh:divider                                             ; sign_div_unsign_9nh ; work         ;
;                |alt_u_div_ske:divider|       ; 1048 (1048)         ; 0 (0)                     ; 0           ; 0          ; 0            ; 0       ; 0         ; 0    ; 0            ; 0          ; |cpu|alu:ALU_C|lpm_divide:Div0|lpm_divide_7vl:auto_generated|sign_div_unsign_9nh:divider|alt_u_div_ske:divider                       ; alt_u_div_ske       ; work         ;
;       |lpm_divide:Mod0|                      ; 1087 (0)            ; 0 (0)                     ; 0           ; 0          ; 0            ; 0       ; 0         ; 0    ; 0            ; 0          ; |cpu|alu:ALU_C|lpm_divide:Mod0                                                                                                       ; lpm_divide          ; work         ;
;          |lpm_divide_anl:auto_generated|     ; 1087 (0)            ; 0 (0)                     ; 0           ; 0          ; 0            ; 0       ; 0         ; 0    ; 0            ; 0          ; |cpu|alu:ALU_C|lpm_divide:Mod0|lpm_divide_anl:auto_generated                                                                         ; lpm_divide_anl      ; work         ;
;             |sign_div_unsign_9nh:divider|    ; 1087 (0)            ; 0 (0)                     ; 0           ; 0          ; 0            ; 0       ; 0         ; 0    ; 0            ; 0          ; |cpu|alu:ALU_C|lpm_divide:Mod0|lpm_divide_anl:auto_generated|sign_div_unsign_9nh:divider                                             ; sign_div_unsign_9nh ; work         ;
;                |alt_u_div_ske:divider|       ; 1087 (1085)         ; 0 (0)                     ; 0           ; 0          ; 0            ; 0       ; 0         ; 0    ; 0            ; 0          ; |cpu|alu:ALU_C|lpm_divide:Mod0|lpm_divide_anl:auto_generated|sign_div_unsign_9nh:divider|alt_u_div_ske:divider                       ; alt_u_div_ske       ; work         ;
;                   |add_sub_t3c:add_sub_0|    ; 1 (1)               ; 0 (0)                     ; 0           ; 0          ; 0            ; 0       ; 0         ; 0    ; 0            ; 0          ; |cpu|alu:ALU_C|lpm_divide:Mod0|lpm_divide_anl:auto_generated|sign_div_unsign_9nh:divider|alt_u_div_ske:divider|add_sub_t3c:add_sub_0 ; add_sub_t3c         ; work         ;
;                   |add_sub_u3c:add_sub_1|    ; 1 (1)               ; 0 (0)                     ; 0           ; 0          ; 0            ; 0       ; 0         ; 0    ; 0            ; 0          ; |cpu|alu:ALU_C|lpm_divide:Mod0|lpm_divide_anl:auto_generated|sign_div_unsign_9nh:divider|alt_u_div_ske:divider|add_sub_u3c:add_sub_1 ; add_sub_u3c         ; work         ;
;       |ram:RAM_C|                            ; 26 (26)             ; 72 (72)                   ; 32768       ; 0          ; 0            ; 0       ; 0         ; 0    ; 0            ; 0          ; |cpu|alu:ALU_C|ram:RAM_C                                                                                                             ; ram                 ; work         ;
;          |altsyncram:RAM_rtl_0|              ; 0 (0)               ; 0 (0)                     ; 32768       ; 0          ; 0            ; 0       ; 0         ; 0    ; 0            ; 0          ; |cpu|alu:ALU_C|ram:RAM_C|altsyncram:RAM_rtl_0                                                                                        ; altsyncram          ; work         ;
;             |altsyncram_2eg1:auto_generated| ; 0 (0)               ; 0 (0)                     ; 32768       ; 0          ; 0            ; 0       ; 0         ; 0    ; 0            ; 0          ; |cpu|alu:ALU_C|ram:RAM_C|altsyncram:RAM_rtl_0|altsyncram_2eg1:auto_generated                                                         ; altsyncram_2eg1     ; work         ;
+----------------------------------------------+---------------------+---------------------------+-------------+------------+--------------+---------+-----------+------+--------------+------------+--------------------------------------------------------------------------------------------------------------------------------------+---------------------+--------------+
Note: For table entries with two numbers listed, the numbers in parentheses indicate the number of resources of the given type used by the specific entity alone. The numbers listed outside of parentheses indicate the total resources of the given type used by the specific entity and all of its sub-entities in the hierarchy.


+-----------------------------------------------------------------------------------------------------------------------------------------------------------------------------------------+
; Analysis & Synthesis RAM Summary                                                                                                                                                        ;
+------------------------------------------------------------------------------------+------+------------------+--------------+--------------+--------------+--------------+-------+------+
; Name                                                                               ; Type ; Mode             ; Port A Depth ; Port A Width ; Port B Depth ; Port B Width ; Size  ; MIF  ;
+------------------------------------------------------------------------------------+------+------------------+--------------+--------------+--------------+--------------+-------+------+
; alu:ALU_C|ram:RAM_C|altsyncram:RAM_rtl_0|altsyncram_2eg1:auto_generated|ALTSYNCRAM ; AUTO ; Simple Dual Port ; 4096         ; 8            ; 4096         ; 8            ; 32768 ; None ;
+------------------------------------------------------------------------------------+------+------------------+--------------+--------------+--------------+--------------+-------+------+


+------------------------------------------------------+
; General Register Statistics                          ;
+----------------------------------------------+-------+
; Statistic                                    ; Value ;
+----------------------------------------------+-------+
; Total registers                              ; 463   ;
; Number of registers using Synchronous Clear  ; 8     ;
; Number of registers using Synchronous Load   ; 94    ;
; Number of registers using Asynchronous Clear ; 0     ;
; Number of registers using Asynchronous Load  ; 0     ;
; Number of registers using Clock Enable       ; 79    ;
; Number of registers using Preset             ; 0     ;
+----------------------------------------------+-------+


+--------------------------------------------------------------------------+
; Registers Added for RAM Pass-Through Logic                               ;
+------------------------------------------+-------------------------------+
; Register Name                            ; RAM Name                      ;
+------------------------------------------+-------------------------------+
; alu:ALU_C|ram:RAM_C|RAM_rtl_0_bypass[0]  ; alu:ALU_C|ram:RAM_C|RAM_rtl_0 ;
; alu:ALU_C|ram:RAM_C|RAM_rtl_0_bypass[1]  ; alu:ALU_C|ram:RAM_C|RAM_rtl_0 ;
; alu:ALU_C|ram:RAM_C|RAM_rtl_0_bypass[2]  ; alu:ALU_C|ram:RAM_C|RAM_rtl_0 ;
; alu:ALU_C|ram:RAM_C|RAM_rtl_0_bypass[3]  ; alu:ALU_C|ram:RAM_C|RAM_rtl_0 ;
; alu:ALU_C|ram:RAM_C|RAM_rtl_0_bypass[4]  ; alu:ALU_C|ram:RAM_C|RAM_rtl_0 ;
; alu:ALU_C|ram:RAM_C|RAM_rtl_0_bypass[5]  ; alu:ALU_C|ram:RAM_C|RAM_rtl_0 ;
; alu:ALU_C|ram:RAM_C|RAM_rtl_0_bypass[6]  ; alu:ALU_C|ram:RAM_C|RAM_rtl_0 ;
; alu:ALU_C|ram:RAM_C|RAM_rtl_0_bypass[7]  ; alu:ALU_C|ram:RAM_C|RAM_rtl_0 ;
; alu:ALU_C|ram:RAM_C|RAM_rtl_0_bypass[8]  ; alu:ALU_C|ram:RAM_C|RAM_rtl_0 ;
; alu:ALU_C|ram:RAM_C|RAM_rtl_0_bypass[9]  ; alu:ALU_C|ram:RAM_C|RAM_rtl_0 ;
; alu:ALU_C|ram:RAM_C|RAM_rtl_0_bypass[10] ; alu:ALU_C|ram:RAM_C|RAM_rtl_0 ;
; alu:ALU_C|ram:RAM_C|RAM_rtl_0_bypass[11] ; alu:ALU_C|ram:RAM_C|RAM_rtl_0 ;
; alu:ALU_C|ram:RAM_C|RAM_rtl_0_bypass[12] ; alu:ALU_C|ram:RAM_C|RAM_rtl_0 ;
; alu:ALU_C|ram:RAM_C|RAM_rtl_0_bypass[13] ; alu:ALU_C|ram:RAM_C|RAM_rtl_0 ;
; alu:ALU_C|ram:RAM_C|RAM_rtl_0_bypass[14] ; alu:ALU_C|ram:RAM_C|RAM_rtl_0 ;
; alu:ALU_C|ram:RAM_C|RAM_rtl_0_bypass[15] ; alu:ALU_C|ram:RAM_C|RAM_rtl_0 ;
; alu:ALU_C|ram:RAM_C|RAM_rtl_0_bypass[16] ; alu:ALU_C|ram:RAM_C|RAM_rtl_0 ;
; alu:ALU_C|ram:RAM_C|RAM_rtl_0_bypass[17] ; alu:ALU_C|ram:RAM_C|RAM_rtl_0 ;
; alu:ALU_C|ram:RAM_C|RAM_rtl_0_bypass[18] ; alu:ALU_C|ram:RAM_C|RAM_rtl_0 ;
; alu:ALU_C|ram:RAM_C|RAM_rtl_0_bypass[19] ; alu:ALU_C|ram:RAM_C|RAM_rtl_0 ;
; alu:ALU_C|ram:RAM_C|RAM_rtl_0_bypass[20] ; alu:ALU_C|ram:RAM_C|RAM_rtl_0 ;
; alu:ALU_C|ram:RAM_C|RAM_rtl_0_bypass[21] ; alu:ALU_C|ram:RAM_C|RAM_rtl_0 ;
; alu:ALU_C|ram:RAM_C|RAM_rtl_0_bypass[22] ; alu:ALU_C|ram:RAM_C|RAM_rtl_0 ;
; alu:ALU_C|ram:RAM_C|RAM_rtl_0_bypass[23] ; alu:ALU_C|ram:RAM_C|RAM_rtl_0 ;
; alu:ALU_C|ram:RAM_C|RAM_rtl_0_bypass[24] ; alu:ALU_C|ram:RAM_C|RAM_rtl_0 ;
; alu:ALU_C|ram:RAM_C|RAM_rtl_0_bypass[25] ; alu:ALU_C|ram:RAM_C|RAM_rtl_0 ;
; alu:ALU_C|ram:RAM_C|RAM_rtl_0_bypass[26] ; alu:ALU_C|ram:RAM_C|RAM_rtl_0 ;
; alu:ALU_C|ram:RAM_C|RAM_rtl_0_bypass[27] ; alu:ALU_C|ram:RAM_C|RAM_rtl_0 ;
; alu:ALU_C|ram:RAM_C|RAM_rtl_0_bypass[28] ; alu:ALU_C|ram:RAM_C|RAM_rtl_0 ;
; alu:ALU_C|ram:RAM_C|RAM_rtl_0_bypass[29] ; alu:ALU_C|ram:RAM_C|RAM_rtl_0 ;
; alu:ALU_C|ram:RAM_C|RAM_rtl_0_bypass[30] ; alu:ALU_C|ram:RAM_C|RAM_rtl_0 ;
; alu:ALU_C|ram:RAM_C|RAM_rtl_0_bypass[31] ; alu:ALU_C|ram:RAM_C|RAM_rtl_0 ;
; alu:ALU_C|ram:RAM_C|RAM_rtl_0_bypass[32] ; alu:ALU_C|ram:RAM_C|RAM_rtl_0 ;
+------------------------------------------+-------------------------------+


+------------------------------------------------------------------------------------------+
; Registers Packed Into Inferred Megafunctions                                             ;
+---------------------------------------------------+-------------------------------+------+
; Register Name                                     ; Megafunction                  ; Type ;
+---------------------------------------------------+-------------------------------+------+
; alu:ALU_C|ram:RAM_C|RAM[0..3839,3844..4095][0..7] ; alu:ALU_C|ram:RAM_C|RAM_rtl_0 ; RAM  ;
; alu:ALU_C|ram:RAM_C|RAM[3840][7]                  ; alu:ALU_C|ram:RAM_C|RAM_rtl_0 ; RAM  ;
+---------------------------------------------------+-------------------------------+------+


+---------------------------------------------------------------------------------------------------------------------------------------------------+
; Multiplexer Restructuring Statistics (Restructuring Performed)                                                                                    ;
+--------------------+-----------+---------------+----------------------+------------------------+------------+-------------------------------------+
; Multiplexer Inputs ; Bus Width ; Baseline Area ; Area if Restructured ; Saving if Restructured ; Registered ; Example Multiplexer Output          ;
+--------------------+-----------+---------------+----------------------+------------------------+------------+-------------------------------------+
; 4:1                ; 8 bits    ; 16 LEs        ; 16 LEs               ; 0 LEs                  ; Yes        ; |cpu|alu:ALU_C|ram:RAM_C|RAM_OUT[1] ;
; 131:1              ; 32 bits   ; 2784 LEs      ; 32 LEs               ; 2752 LEs               ; Yes        ; |cpu|alu:ALU_C|cycles[21]           ;
; 62:1               ; 8 bits    ; 328 LEs       ; 216 LEs              ; 112 LEs                ; Yes        ; |cpu|alu:ALU_C|RAM_IN[4]            ;
; 3:1                ; 16 bits   ; 32 LEs        ; 16 LEs               ; 16 LEs                 ; No         ; |cpu|alu:ALU_C|ShiftLeft0           ;
; 6:1                ; 6 bits    ; 24 LEs        ; 24 LEs               ; 0 LEs                  ; No         ; |cpu|alu:ALU_C|Mux1                 ;
; 6:1                ; 6 bits    ; 24 LEs        ; 24 LEs               ; 0 LEs                  ; No         ; |cpu|alu:ALU_C|Mux1560              ;
; 4:1                ; 8 bits    ; 16 LEs        ; 16 LEs               ; 0 LEs                  ; No         ; |cpu|alu:ALU_C|ShiftLeft0           ;
; 5:1                ; 4 bits    ; 12 LEs        ; 12 LEs               ; 0 LEs                  ; No         ; |cpu|alu:ALU_C|ShiftLeft0           ;
; 6:1                ; 2 bits    ; 8 LEs         ; 8 LEs                ; 0 LEs                  ; No         ; |cpu|alu:ALU_C|ShiftLeft0           ;
; 7:1                ; 2 bits    ; 8 LEs         ; 8 LEs                ; 0 LEs                  ; No         ; |cpu|alu:ALU_C|ShiftLeft0           ;
; 14:1               ; 12 bits   ; 108 LEs       ; 96 LEs               ; 12 LEs                 ; No         ; |cpu|alu:ALU_C|Mux1944              ;
+--------------------+-----------+---------------+----------------------+------------------------+------------+-------------------------------------+


+------------------------------------------------------------------------------------------------+
; Source assignments for alu:ALU_C|ram:RAM_C|altsyncram:RAM_rtl_0|altsyncram_2eg1:auto_generated ;
+---------------------------------+--------------------+------+----------------------------------+
; Assignment                      ; Value              ; From ; To                               ;
+---------------------------------+--------------------+------+----------------------------------+
; OPTIMIZE_POWER_DURING_SYNTHESIS ; NORMAL_COMPILATION ; -    ; -                                ;
+---------------------------------+--------------------+------+----------------------------------+


+---------------------------------------------------------------------+
; Parameter Settings for User Entity Instance: Top-level Entity: |cpu ;
+----------------+-------+--------------------------------------------+
; Parameter Name ; Value ; Type                                       ;
+----------------+-------+--------------------------------------------+
; N              ; 32    ; Signed Integer                             ;
; M              ; 8     ; Signed Integer                             ;
+----------------+-------+--------------------------------------------+
Note: In order to hide this table in the UI and the text report file, please set the "Show Parameter Settings in Synthesis Report" option in "Analysis and Synthesis Settings -> More Settings" to "Off".


+--------------------------------------------------------+
; Parameter Settings for User Entity Instance: alu:ALU_C ;
+----------------+-------+-------------------------------+
; Parameter Name ; Value ; Type                          ;
+----------------+-------+-------------------------------+
; P              ; 48    ; Signed Integer                ;
; N              ; 32    ; Signed Integer                ;
; M              ; 8     ; Signed Integer                ;
+----------------+-------+-------------------------------+
Note: In order to hide this table in the UI and the text report file, please set the "Show Parameter Settings in Synthesis Report" option in "Analysis and Synthesis Settings -> More Settings" to "Off".


+----------------------------------------------------------------------+
; Parameter Settings for User Entity Instance: alu:ALU_C|FLASH:FLASH_C ;
+----------------+-------+---------------------------------------------+
; Parameter Name ; Value ; Type                                        ;
+----------------+-------+---------------------------------------------+
; O              ; 48    ; Signed Integer                              ;
; N              ; 32    ; Signed Integer                              ;
; M              ; 8     ; Signed Integer                              ;
; S              ; 4096  ; Signed Integer                              ;
+----------------+-------+---------------------------------------------+
Note: In order to hide this table in the UI and the text report file, please set the "Show Parameter Settings in Synthesis Report" option in "Analysis and Synthesis Settings -> More Settings" to "Off".


+------------------------------------------------------------------+
; Parameter Settings for User Entity Instance: alu:ALU_C|ram:RAM_C ;
+----------------+-------+-----------------------------------------+
; Parameter Name ; Value ; Type                                    ;
+----------------+-------+-----------------------------------------+
; N              ; 32    ; Signed Integer                          ;
; M              ; 8     ; Signed Integer                          ;
; S              ; 4095  ; Signed Integer                          ;
+----------------+-------+-----------------------------------------+
Note: In order to hide this table in the UI and the text report file, please set the "Show Parameter Settings in Synthesis Report" option in "Analysis and Synthesis Settings -> More Settings" to "Off".


+----------------------------------------------------------------+
; Parameter Settings for User Entity Instance: alu:ALU_C|io:IO_C ;
+----------------+-------+---------------------------------------+
; Parameter Name ; Value ; Type                                  ;
+----------------+-------+---------------------------------------+
; P              ; 48    ; Signed Integer                        ;
; N              ; 32    ; Signed Integer                        ;
; M              ; 8     ; Signed Integer                        ;
+----------------+-------+---------------------------------------+
Note: In order to hide this table in the UI and the text report file, please set the "Show Parameter Settings in Synthesis Report" option in "Analysis and Synthesis Settings -> More Settings" to "Off".


+-------------------------------------------------------------------------------------------+
; Parameter Settings for Inferred Entity Instance: alu:ALU_C|ram:RAM_C|altsyncram:RAM_rtl_0 ;
+------------------------------------+----------------------+-------------------------------+
; Parameter Name                     ; Value                ; Type                          ;
+------------------------------------+----------------------+-------------------------------+
; BYTE_SIZE_BLOCK                    ; 8                    ; Untyped                       ;
; AUTO_CARRY_CHAINS                  ; ON                   ; AUTO_CARRY                    ;
; IGNORE_CARRY_BUFFERS               ; OFF                  ; IGNORE_CARRY                  ;
; AUTO_CASCADE_CHAINS                ; ON                   ; AUTO_CASCADE                  ;
; IGNORE_CASCADE_BUFFERS             ; OFF                  ; IGNORE_CASCADE                ;
; WIDTH_BYTEENA                      ; 1                    ; Untyped                       ;
; OPERATION_MODE                     ; DUAL_PORT            ; Untyped                       ;
; WIDTH_A                            ; 8                    ; Untyped                       ;
; WIDTHAD_A                          ; 12                   ; Untyped                       ;
; NUMWORDS_A                         ; 4096                 ; Untyped                       ;
; OUTDATA_REG_A                      ; UNREGISTERED         ; Untyped                       ;
; ADDRESS_ACLR_A                     ; NONE                 ; Untyped                       ;
; OUTDATA_ACLR_A                     ; NONE                 ; Untyped                       ;
; WRCONTROL_ACLR_A                   ; NONE                 ; Untyped                       ;
; INDATA_ACLR_A                      ; NONE                 ; Untyped                       ;
; BYTEENA_ACLR_A                     ; NONE                 ; Untyped                       ;
; WIDTH_B                            ; 8                    ; Untyped                       ;
; WIDTHAD_B                          ; 12                   ; Untyped                       ;
; NUMWORDS_B                         ; 4096                 ; Untyped                       ;
; INDATA_REG_B                       ; CLOCK1               ; Untyped                       ;
; WRCONTROL_WRADDRESS_REG_B          ; CLOCK1               ; Untyped                       ;
; RDCONTROL_REG_B                    ; CLOCK1               ; Untyped                       ;
; ADDRESS_REG_B                      ; CLOCK0               ; Untyped                       ;
; OUTDATA_REG_B                      ; UNREGISTERED         ; Untyped                       ;
; BYTEENA_REG_B                      ; CLOCK1               ; Untyped                       ;
; INDATA_ACLR_B                      ; NONE                 ; Untyped                       ;
; WRCONTROL_ACLR_B                   ; NONE                 ; Untyped                       ;
; ADDRESS_ACLR_B                     ; NONE                 ; Untyped                       ;
; OUTDATA_ACLR_B                     ; NONE                 ; Untyped                       ;
; RDCONTROL_ACLR_B                   ; NONE                 ; Untyped                       ;
; BYTEENA_ACLR_B                     ; NONE                 ; Untyped                       ;
; WIDTH_BYTEENA_A                    ; 1                    ; Untyped                       ;
; WIDTH_BYTEENA_B                    ; 1                    ; Untyped                       ;
; RAM_BLOCK_TYPE                     ; AUTO                 ; Untyped                       ;
; BYTE_SIZE                          ; 8                    ; Untyped                       ;
; READ_DURING_WRITE_MODE_MIXED_PORTS ; OLD_DATA             ; Untyped                       ;
; READ_DURING_WRITE_MODE_PORT_A      ; NEW_DATA_NO_NBE_READ ; Untyped                       ;
; READ_DURING_WRITE_MODE_PORT_B      ; NEW_DATA_NO_NBE_READ ; Untyped                       ;
; INIT_FILE                          ; UNUSED               ; Untyped                       ;
; INIT_FILE_LAYOUT                   ; PORT_A               ; Untyped                       ;
; MAXIMUM_DEPTH                      ; 0                    ; Untyped                       ;
; CLOCK_ENABLE_INPUT_A               ; NORMAL               ; Untyped                       ;
; CLOCK_ENABLE_INPUT_B               ; NORMAL               ; Untyped                       ;
; CLOCK_ENABLE_OUTPUT_A              ; NORMAL               ; Untyped                       ;
; CLOCK_ENABLE_OUTPUT_B              ; NORMAL               ; Untyped                       ;
; CLOCK_ENABLE_CORE_A                ; USE_INPUT_CLKEN      ; Untyped                       ;
; CLOCK_ENABLE_CORE_B                ; USE_INPUT_CLKEN      ; Untyped                       ;
; ENABLE_ECC                         ; FALSE                ; Untyped                       ;
; ECC_PIPELINE_STAGE_ENABLED         ; FALSE                ; Untyped                       ;
; WIDTH_ECCSTATUS                    ; 3                    ; Untyped                       ;
; DEVICE_FAMILY                      ; MAX 10               ; Untyped                       ;
; CBXI_PARAMETER                     ; altsyncram_2eg1      ; Untyped                       ;
+------------------------------------+----------------------+-------------------------------+
Note: In order to hide this table in the UI and the text report file, please set the "Show Parameter Settings in Synthesis Report" option in "Analysis and Synthesis Settings -> More Settings" to "Off".


+----------------------------------------------------------------------------+
; Parameter Settings for Inferred Entity Instance: alu:ALU_C|lpm_divide:Mod0 ;
+------------------------+----------------+----------------------------------+
; Parameter Name         ; Value          ; Type                             ;
+------------------------+----------------+----------------------------------+
; LPM_WIDTHN             ; 32             ; Untyped                          ;
; LPM_WIDTHD             ; 32             ; Untyped                          ;
; LPM_NREPRESENTATION    ; UNSIGNED       ; Untyped                          ;
; LPM_DREPRESENTATION    ; UNSIGNED       ; Untyped                          ;
; LPM_PIPELINE           ; 0              ; Untyped                          ;
; LPM_REMAINDERPOSITIVE  ; TRUE           ; Untyped                          ;
; MAXIMIZE_SPEED         ; 5              ; Untyped                          ;
; CBXI_PARAMETER         ; lpm_divide_anl ; Untyped                          ;
; CARRY_CHAIN            ; MANUAL         ; Untyped                          ;
; OPTIMIZE_FOR_SPEED     ; 5              ; Untyped                          ;
; AUTO_CARRY_CHAINS      ; ON             ; AUTO_CARRY                       ;
; IGNORE_CARRY_BUFFERS   ; OFF            ; IGNORE_CARRY                     ;
; AUTO_CASCADE_CHAINS    ; ON             ; AUTO_CASCADE                     ;
; IGNORE_CASCADE_BUFFERS ; OFF            ; IGNORE_CASCADE                   ;
+------------------------+----------------+----------------------------------+
Note: In order to hide this table in the UI and the text report file, please set the "Show Parameter Settings in Synthesis Report" option in "Analysis and Synthesis Settings -> More Settings" to "Off".


+----------------------------------------------------------------------------+
; Parameter Settings for Inferred Entity Instance: alu:ALU_C|lpm_divide:Div0 ;
+------------------------+----------------+----------------------------------+
; Parameter Name         ; Value          ; Type                             ;
+------------------------+----------------+----------------------------------+
; LPM_WIDTHN             ; 32             ; Untyped                          ;
; LPM_WIDTHD             ; 32             ; Untyped                          ;
; LPM_NREPRESENTATION    ; UNSIGNED       ; Untyped                          ;
; LPM_DREPRESENTATION    ; UNSIGNED       ; Untyped                          ;
; LPM_PIPELINE           ; 0              ; Untyped                          ;
; LPM_REMAINDERPOSITIVE  ; TRUE           ; Untyped                          ;
; MAXIMIZE_SPEED         ; 5              ; Untyped                          ;
; CBXI_PARAMETER         ; lpm_divide_7vl ; Untyped                          ;
; CARRY_CHAIN            ; MANUAL         ; Untyped                          ;
; OPTIMIZE_FOR_SPEED     ; 5              ; Untyped                          ;
; AUTO_CARRY_CHAINS      ; ON             ; AUTO_CARRY                       ;
; IGNORE_CARRY_BUFFERS   ; OFF            ; IGNORE_CARRY                     ;
; AUTO_CASCADE_CHAINS    ; ON             ; AUTO_CASCADE                     ;
; IGNORE_CASCADE_BUFFERS ; OFF            ; IGNORE_CASCADE                   ;
+------------------------+----------------+----------------------------------+
Note: In order to hide this table in the UI and the text report file, please set the "Show Parameter Settings in Synthesis Report" option in "Analysis and Synthesis Settings -> More Settings" to "Off".


+--------------------------------------------------------------------------------------+
; altsyncram Parameter Settings by Entity Instance                                     ;
+-------------------------------------------+------------------------------------------+
; Name                                      ; Value                                    ;
+-------------------------------------------+------------------------------------------+
; Number of entity instances                ; 1                                        ;
; Entity Instance                           ; alu:ALU_C|ram:RAM_C|altsyncram:RAM_rtl_0 ;
;     -- OPERATION_MODE                     ; DUAL_PORT                                ;
;     -- WIDTH_A                            ; 8                                        ;
;     -- NUMWORDS_A                         ; 4096                                     ;
;     -- OUTDATA_REG_A                      ; UNREGISTERED                             ;
;     -- WIDTH_B                            ; 8                                        ;
;     -- NUMWORDS_B                         ; 4096                                     ;
;     -- ADDRESS_REG_B                      ; CLOCK0                                   ;
;     -- OUTDATA_REG_B                      ; UNREGISTERED                             ;
;     -- RAM_BLOCK_TYPE                     ; AUTO                                     ;
;     -- READ_DURING_WRITE_MODE_MIXED_PORTS ; OLD_DATA                                 ;
+-------------------------------------------+------------------------------------------+


+-----------------------------------------------------------------------------------------------------------------+
; Port Connectivity Checks: "alu:ALU_C"                                                                           ;
+--------+-------+----------+-------------------------------------------------------------------------------------+
; Port   ; Type  ; Severity ; Details                                                                             ;
+--------+-------+----------+-------------------------------------------------------------------------------------+
; r0     ; Bidir ; Warning  ; Connected to dangling logic. Logic that only feeds a dangling port will be removed. ;
; r1     ; Bidir ; Warning  ; Connected to dangling logic. Logic that only feeds a dangling port will be removed. ;
; r2     ; Bidir ; Warning  ; Connected to dangling logic. Logic that only feeds a dangling port will be removed. ;
; r3     ; Bidir ; Warning  ; Connected to dangling logic. Logic that only feeds a dangling port will be removed. ;
; r4     ; Bidir ; Warning  ; Connected to dangling logic. Logic that only feeds a dangling port will be removed. ;
; r5     ; Bidir ; Warning  ; Connected to dangling logic. Logic that only feeds a dangling port will be removed. ;
; r6     ; Bidir ; Warning  ; Connected to dangling logic. Logic that only feeds a dangling port will be removed. ;
; r7     ; Bidir ; Warning  ; Connected to dangling logic. Logic that only feeds a dangling port will be removed. ;
; sp     ; Bidir ; Warning  ; Connected to dangling logic. Logic that only feeds a dangling port will be removed. ;
; ip     ; Bidir ; Warning  ; Connected to dangling logic. Logic that only feeds a dangling port will be removed. ;
; status ; Bidir ; Warning  ; Connected to dangling logic. Logic that only feeds a dangling port will be removed. ;
+--------+-------+----------+-------------------------------------------------------------------------------------+


+-----------------------------------------------------+
; Post-Synthesis Netlist Statistics for Top Partition ;
+-----------------------+-----------------------------+
; Type                  ; Count                       ;
+-----------------------+-----------------------------+
; boundary_port         ; 18                          ;
; cycloneiii_ff         ; 463                         ;
;     ENA               ; 71                          ;
;     ENA SCLR          ; 8                           ;
;     SLD               ; 94                          ;
;     plain             ; 290                         ;
; cycloneiii_io_obuf    ; 16                          ;
; cycloneiii_lcell_comb ; 6219                        ;
;     arith             ; 1444                        ;
;         2 data inputs ; 211                         ;
;         3 data inputs ; 1233                        ;
;     normal            ; 4775                        ;
;         0 data inputs ; 62                          ;
;         1 data inputs ; 6                           ;
;         2 data inputs ; 266                         ;
;         3 data inputs ; 500                         ;
;         4 data inputs ; 3941                        ;
; cycloneiii_ram_block  ; 8                           ;
;                       ;                             ;
; Max LUT depth         ; 125.50                      ;
; Average LUT depth     ; 55.81                       ;
+-----------------------+-----------------------------+


+-------------------------------+
; Elapsed Time Per Partition    ;
+----------------+--------------+
; Partition Name ; Elapsed Time ;
+----------------+--------------+
; Top            ; 00:00:50     ;
+----------------+--------------+


+-------------------------------+
; Analysis & Synthesis Messages ;
+-------------------------------+
Info: *******************************************************************
Info: Running Quartus Prime Analysis & Synthesis
    Info: Version 20.1.1 Build 720 11/11/2020 SJ Lite Edition
    Info: Processing started: Sat Jan 08 12:31:13 2022
Info: Command: quartus_map --read_settings_files=on --write_settings_files=off cpu -c cpu
Warning (18236): Number of processors has not been specified which may cause overloading on shared machines.  Set the global assignment NUM_PARALLEL_PROCESSORS in your QSF to an appropriate value for best performance.
Info (20030): Parallel compilation is enabled and will use 4 of the 4 processors detected
Info (12021): Found 2 design units, including 1 entities, in source file /users/siedl/desktop/fpga-cpu/src/ram.vhd
    Info (12022): Found design unit 1: ram-Behavioral File: C:/Users/siedl/Desktop/FPGA-CPU/src/ram.vhd Line: 22
    Info (12023): Found entity 1: ram File: C:/Users/siedl/Desktop/FPGA-CPU/src/ram.vhd Line: 5
Info (12021): Found 2 design units, including 1 entities, in source file /users/siedl/desktop/fpga-cpu/src/io.vhd
    Info (12022): Found design unit 1: io-Behavioral File: C:/Users/siedl/Desktop/FPGA-CPU/src/io.vhd Line: 24
    Info (12023): Found entity 1: io File: C:/Users/siedl/Desktop/FPGA-CPU/src/io.vhd Line: 5
Info (12021): Found 2 design units, including 1 entities, in source file /users/siedl/desktop/fpga-cpu/src/flash.vhd
    Info (12022): Found design unit 1: FLASH-Behavioral File: C:/Users/siedl/Desktop/FPGA-CPU/src/flash.vhd Line: 20
    Info (12023): Found entity 1: FLASH File: C:/Users/siedl/Desktop/FPGA-CPU/src/flash.vhd Line: 5
Info (12021): Found 2 design units, including 1 entities, in source file /users/siedl/desktop/fpga-cpu/src/cpu.vhd
    Info (12022): Found design unit 1: cpu-Behavioral File: C:/Users/siedl/Desktop/FPGA-CPU/src/cpu.vhd Line: 17
    Info (12023): Found entity 1: cpu File: C:/Users/siedl/Desktop/FPGA-CPU/src/cpu.vhd Line: 5
Info (12021): Found 2 design units, including 1 entities, in source file /users/siedl/desktop/fpga-cpu/src/alu.vhd
    Info (12022): Found design unit 1: alu-Behavioral File: C:/Users/siedl/Desktop/FPGA-CPU/src/alu.vhd Line: 30
    Info (12023): Found entity 1: alu File: C:/Users/siedl/Desktop/FPGA-CPU/src/alu.vhd Line: 5
Info (12127): Elaborating entity "cpu" for the top level hierarchy
Info (12128): Elaborating entity "alu" for hierarchy "alu:ALU_C" File: C:/Users/siedl/Desktop/FPGA-CPU/src/cpu.vhd Line: 43
Warning (10492): VHDL Process Statement warning at alu.vhd(1262): signal "FLASH_OUT" is read inside the Process Statement but isn't in the Process Statement's sensitivity list File: C:/Users/siedl/Desktop/FPGA-CPU/src/alu.vhd Line: 1262
Info (12128): Elaborating entity "FLASH" for hierarchy "alu:ALU_C|FLASH:FLASH_C" File: C:/Users/siedl/Desktop/FPGA-CPU/src/alu.vhd Line: 92
Warning (10540): VHDL Signal Declaration warning at flash.vhd(63): used explicit default value for signal "FLASH" because signal was never assigned a value File: C:/Users/siedl/Desktop/FPGA-CPU/src/flash.vhd Line: 63
Info (12128): Elaborating entity "ram" for hierarchy "alu:ALU_C|ram:RAM_C" File: C:/Users/siedl/Desktop/FPGA-CPU/src/alu.vhd Line: 101
Info (12128): Elaborating entity "io" for hierarchy "alu:ALU_C|io:IO_C" File: C:/Users/siedl/Desktop/FPGA-CPU/src/alu.vhd Line: 113
Warning (276020): Inferred RAM node "alu:ALU_C|ram:RAM_C|RAM_rtl_0" from synchronous design logic.  Pass-through logic has been added to match the read-during-write behavior of the original design.
Info (19000): Inferred 1 megafunctions from design logic
    Info (276029): Inferred altsyncram megafunction from the following design logic: "alu:ALU_C|ram:RAM_C|RAM_rtl_0" 
        Info (286033): Parameter OPERATION_MODE set to DUAL_PORT
        Info (286033): Parameter WIDTH_A set to 8
        Info (286033): Parameter WIDTHAD_A set to 12
        Info (286033): Parameter NUMWORDS_A set to 4096
        Info (286033): Parameter WIDTH_B set to 8
        Info (286033): Parameter WIDTHAD_B set to 12
        Info (286033): Parameter NUMWORDS_B set to 4096
        Info (286033): Parameter ADDRESS_ACLR_A set to NONE
        Info (286033): Parameter OUTDATA_REG_B set to UNREGISTERED
        Info (286033): Parameter ADDRESS_ACLR_B set to NONE
        Info (286033): Parameter OUTDATA_ACLR_B set to NONE
        Info (286033): Parameter ADDRESS_REG_B set to CLOCK0
        Info (286033): Parameter INDATA_ACLR_A set to NONE
        Info (286033): Parameter WRCONTROL_ACLR_A set to NONE
        Info (286033): Parameter READ_DURING_WRITE_MODE_MIXED_PORTS set to OLD_DATA
Info (278001): Inferred 2 megafunctions from design logic
    Info (278004): Inferred divider/modulo megafunction ("lpm_divide") from the following logic: "alu:ALU_C|Mod0" File: C:/Users/siedl/Desktop/FPGA-CPU/src/alu.vhd Line: 509
    Info (278004): Inferred divider/modulo megafunction ("lpm_divide") from the following logic: "alu:ALU_C|Div0" File: C:/Users/siedl/Desktop/FPGA-CPU/src/alu.vhd Line: 508
Info (12130): Elaborated megafunction instantiation "alu:ALU_C|ram:RAM_C|altsyncram:RAM_rtl_0"
Info (12133): Instantiated megafunction "alu:ALU_C|ram:RAM_C|altsyncram:RAM_rtl_0" with the following parameter:
    Info (12134): Parameter "OPERATION_MODE" = "DUAL_PORT"
    Info (12134): Parameter "WIDTH_A" = "8"
    Info (12134): Parameter "WIDTHAD_A" = "12"
    Info (12134): Parameter "NUMWORDS_A" = "4096"
    Info (12134): Parameter "WIDTH_B" = "8"
    Info (12134): Parameter "WIDTHAD_B" = "12"
    Info (12134): Parameter "NUMWORDS_B" = "4096"
    Info (12134): Parameter "ADDRESS_ACLR_A" = "NONE"
    Info (12134): Parameter "OUTDATA_REG_B" = "UNREGISTERED"
    Info (12134): Parameter "ADDRESS_ACLR_B" = "NONE"
    Info (12134): Parameter "OUTDATA_ACLR_B" = "NONE"
    Info (12134): Parameter "ADDRESS_REG_B" = "CLOCK0"
    Info (12134): Parameter "INDATA_ACLR_A" = "NONE"
    Info (12134): Parameter "WRCONTROL_ACLR_A" = "NONE"
    Info (12134): Parameter "READ_DURING_WRITE_MODE_MIXED_PORTS" = "OLD_DATA"
Info (12021): Found 1 design units, including 1 entities, in source file db/altsyncram_2eg1.tdf
    Info (12023): Found entity 1: altsyncram_2eg1 File: C:/Users/siedl/Desktop/FPGA-CPU/hw/db/altsyncram_2eg1.tdf Line: 28
Info (12130): Elaborated megafunction instantiation "alu:ALU_C|lpm_divide:Mod0" File: C:/Users/siedl/Desktop/FPGA-CPU/src/alu.vhd Line: 509
Info (12133): Instantiated megafunction "alu:ALU_C|lpm_divide:Mod0" with the following parameter: File: C:/Users/siedl/Desktop/FPGA-CPU/src/alu.vhd Line: 509
    Info (12134): Parameter "LPM_WIDTHN" = "32"
    Info (12134): Parameter "LPM_WIDTHD" = "32"
    Info (12134): Parameter "LPM_NREPRESENTATION" = "UNSIGNED"
    Info (12134): Parameter "LPM_DREPRESENTATION" = "UNSIGNED"
Info (12021): Found 1 design units, including 1 entities, in source file db/lpm_divide_anl.tdf
    Info (12023): Found entity 1: lpm_divide_anl File: C:/Users/siedl/Desktop/FPGA-CPU/hw/db/lpm_divide_anl.tdf Line: 25
Info (12021): Found 1 design units, including 1 entities, in source file db/sign_div_unsign_9nh.tdf
    Info (12023): Found entity 1: sign_div_unsign_9nh File: C:/Users/siedl/Desktop/FPGA-CPU/hw/db/sign_div_unsign_9nh.tdf Line: 25
Info (12021): Found 1 design units, including 1 entities, in source file db/alt_u_div_ske.tdf
    Info (12023): Found entity 1: alt_u_div_ske File: C:/Users/siedl/Desktop/FPGA-CPU/hw/db/alt_u_div_ske.tdf Line: 27
Info (12021): Found 1 design units, including 1 entities, in source file db/add_sub_t3c.tdf
    Info (12023): Found entity 1: add_sub_t3c File: C:/Users/siedl/Desktop/FPGA-CPU/hw/db/add_sub_t3c.tdf Line: 23
Info (12021): Found 1 design units, including 1 entities, in source file db/add_sub_u3c.tdf
    Info (12023): Found entity 1: add_sub_u3c File: C:/Users/siedl/Desktop/FPGA-CPU/hw/db/add_sub_u3c.tdf Line: 23
Info (12130): Elaborated megafunction instantiation "alu:ALU_C|lpm_divide:Div0" File: C:/Users/siedl/Desktop/FPGA-CPU/src/alu.vhd Line: 508
Info (12133): Instantiated megafunction "alu:ALU_C|lpm_divide:Div0" with the following parameter: File: C:/Users/siedl/Desktop/FPGA-CPU/src/alu.vhd Line: 508
    Info (12134): Parameter "LPM_WIDTHN" = "32"
    Info (12134): Parameter "LPM_WIDTHD" = "32"
    Info (12134): Parameter "LPM_NREPRESENTATION" = "UNSIGNED"
    Info (12134): Parameter "LPM_DREPRESENTATION" = "UNSIGNED"
Info (12021): Found 1 design units, including 1 entities, in source file db/lpm_divide_7vl.tdf
    Info (12023): Found entity 1: lpm_divide_7vl File: C:/Users/siedl/Desktop/FPGA-CPU/hw/db/lpm_divide_7vl.tdf Line: 25
Warning (12241): 1 hierarchies have connectivity warnings - see the Connectivity Checks report folder
Warning (13034): The following nodes have both tri-state and non-tri-state drivers
    Warning (13035): Inserted always-enabled tri-state buffer between "PINS[0]" and its non-tri-state driver. File: C:/Users/siedl/Desktop/FPGA-CPU/src/cpu.vhd Line: 13
    Warning (13035): Inserted always-enabled tri-state buffer between "PINS[1]" and its non-tri-state driver. File: C:/Users/siedl/Desktop/FPGA-CPU/src/cpu.vhd Line: 13
    Warning (13035): Inserted always-enabled tri-state buffer between "PINS[2]" and its non-tri-state driver. File: C:/Users/siedl/Desktop/FPGA-CPU/src/cpu.vhd Line: 13
    Warning (13035): Inserted always-enabled tri-state buffer between "PINS[3]" and its non-tri-state driver. File: C:/Users/siedl/Desktop/FPGA-CPU/src/cpu.vhd Line: 13
    Warning (13035): Inserted always-enabled tri-state buffer between "PINS[4]" and its non-tri-state driver. File: C:/Users/siedl/Desktop/FPGA-CPU/src/cpu.vhd Line: 13
    Warning (13035): Inserted always-enabled tri-state buffer between "PINS[5]" and its non-tri-state driver. File: C:/Users/siedl/Desktop/FPGA-CPU/src/cpu.vhd Line: 13
    Warning (13035): Inserted always-enabled tri-state buffer between "PINS[6]" and its non-tri-state driver. File: C:/Users/siedl/Desktop/FPGA-CPU/src/cpu.vhd Line: 13
    Warning (13035): Inserted always-enabled tri-state buffer between "PINS[7]" and its non-tri-state driver. File: C:/Users/siedl/Desktop/FPGA-CPU/src/cpu.vhd Line: 13
    Warning (13035): Inserted always-enabled tri-state buffer between "PINS[8]" and its non-tri-state driver. File: C:/Users/siedl/Desktop/FPGA-CPU/src/cpu.vhd Line: 13
    Warning (13035): Inserted always-enabled tri-state buffer between "PINS[9]" and its non-tri-state driver. File: C:/Users/siedl/Desktop/FPGA-CPU/src/cpu.vhd Line: 13
    Warning (13035): Inserted always-enabled tri-state buffer between "PINS[10]" and its non-tri-state driver. File: C:/Users/siedl/Desktop/FPGA-CPU/src/cpu.vhd Line: 13
    Warning (13035): Inserted always-enabled tri-state buffer between "PINS[11]" and its non-tri-state driver. File: C:/Users/siedl/Desktop/FPGA-CPU/src/cpu.vhd Line: 13
    Warning (13035): Inserted always-enabled tri-state buffer between "PINS[12]" and its non-tri-state driver. File: C:/Users/siedl/Desktop/FPGA-CPU/src/cpu.vhd Line: 13
    Warning (13035): Inserted always-enabled tri-state buffer between "PINS[13]" and its non-tri-state driver. File: C:/Users/siedl/Desktop/FPGA-CPU/src/cpu.vhd Line: 13
    Warning (13035): Inserted always-enabled tri-state buffer between "PINS[14]" and its non-tri-state driver. File: C:/Users/siedl/Desktop/FPGA-CPU/src/cpu.vhd Line: 13
    Warning (13035): Inserted always-enabled tri-state buffer between "PINS[15]" and its non-tri-state driver. File: C:/Users/siedl/Desktop/FPGA-CPU/src/cpu.vhd Line: 13
Info (13060): One or more bidirectional pins are fed by always enabled tri-state buffers
    Info (13061): Fan-out of permanently enabled tri-state buffer feeding bidirectional pin "PINS[0]" is moved to its source File: C:/Users/siedl/Desktop/FPGA-CPU/src/cpu.vhd Line: 13
    Info (13061): Fan-out of permanently enabled tri-state buffer feeding bidirectional pin "PINS[1]" is moved to its source File: C:/Users/siedl/Desktop/FPGA-CPU/src/cpu.vhd Line: 13
    Info (13061): Fan-out of permanently enabled tri-state buffer feeding bidirectional pin "PINS[2]" is moved to its source File: C:/Users/siedl/Desktop/FPGA-CPU/src/cpu.vhd Line: 13
    Info (13061): Fan-out of permanently enabled tri-state buffer feeding bidirectional pin "PINS[3]" is moved to its source File: C:/Users/siedl/Desktop/FPGA-CPU/src/cpu.vhd Line: 13
    Info (13061): Fan-out of permanently enabled tri-state buffer feeding bidirectional pin "PINS[4]" is moved to its source File: C:/Users/siedl/Desktop/FPGA-CPU/src/cpu.vhd Line: 13
    Info (13061): Fan-out of permanently enabled tri-state buffer feeding bidirectional pin "PINS[5]" is moved to its source File: C:/Users/siedl/Desktop/FPGA-CPU/src/cpu.vhd Line: 13
    Info (13061): Fan-out of permanently enabled tri-state buffer feeding bidirectional pin "PINS[6]" is moved to its source File: C:/Users/siedl/Desktop/FPGA-CPU/src/cpu.vhd Line: 13
    Info (13061): Fan-out of permanently enabled tri-state buffer feeding bidirectional pin "PINS[7]" is moved to its source File: C:/Users/siedl/Desktop/FPGA-CPU/src/cpu.vhd Line: 13
    Info (13061): Fan-out of permanently enabled tri-state buffer feeding bidirectional pin "PINS[8]" is moved to its source File: C:/Users/siedl/Desktop/FPGA-CPU/src/cpu.vhd Line: 13
    Info (13061): Fan-out of permanently enabled tri-state buffer feeding bidirectional pin "PINS[9]" is moved to its source File: C:/Users/siedl/Desktop/FPGA-CPU/src/cpu.vhd Line: 13
    Info (13061): Fan-out of permanently enabled tri-state buffer feeding bidirectional pin "PINS[10]" is moved to its source File: C:/Users/siedl/Desktop/FPGA-CPU/src/cpu.vhd Line: 13
    Info (13061): Fan-out of permanently enabled tri-state buffer feeding bidirectional pin "PINS[11]" is moved to its source File: C:/Users/siedl/Desktop/FPGA-CPU/src/cpu.vhd Line: 13
    Info (13061): Fan-out of permanently enabled tri-state buffer feeding bidirectional pin "PINS[12]" is moved to its source File: C:/Users/siedl/Desktop/FPGA-CPU/src/cpu.vhd Line: 13
    Info (13061): Fan-out of permanently enabled tri-state buffer feeding bidirectional pin "PINS[13]" is moved to its source File: C:/Users/siedl/Desktop/FPGA-CPU/src/cpu.vhd Line: 13
    Info (13061): Fan-out of permanently enabled tri-state buffer feeding bidirectional pin "PINS[14]" is moved to its source File: C:/Users/siedl/Desktop/FPGA-CPU/src/cpu.vhd Line: 13
    Info (13061): Fan-out of permanently enabled tri-state buffer feeding bidirectional pin "PINS[15]" is moved to its source File: C:/Users/siedl/Desktop/FPGA-CPU/src/cpu.vhd Line: 13
Warning (13009): TRI or OPNDRN buffers permanently enabled
    Warning (13010): Node "PINS[0]~synth" File: C:/Users/siedl/Desktop/FPGA-CPU/src/cpu.vhd Line: 13
    Warning (13010): Node "PINS[1]~synth" File: C:/Users/siedl/Desktop/FPGA-CPU/src/cpu.vhd Line: 13
    Warning (13010): Node "PINS[2]~synth" File: C:/Users/siedl/Desktop/FPGA-CPU/src/cpu.vhd Line: 13
    Warning (13010): Node "PINS[3]~synth" File: C:/Users/siedl/Desktop/FPGA-CPU/src/cpu.vhd Line: 13
    Warning (13010): Node "PINS[4]~synth" File: C:/Users/siedl/Desktop/FPGA-CPU/src/cpu.vhd Line: 13
    Warning (13010): Node "PINS[5]~synth" File: C:/Users/siedl/Desktop/FPGA-CPU/src/cpu.vhd Line: 13
    Warning (13010): Node "PINS[6]~synth" File: C:/Users/siedl/Desktop/FPGA-CPU/src/cpu.vhd Line: 13
    Warning (13010): Node "PINS[7]~synth" File: C:/Users/siedl/Desktop/FPGA-CPU/src/cpu.vhd Line: 13
    Warning (13010): Node "PINS[8]~synth" File: C:/Users/siedl/Desktop/FPGA-CPU/src/cpu.vhd Line: 13
    Warning (13010): Node "PINS[9]~synth" File: C:/Users/siedl/Desktop/FPGA-CPU/src/cpu.vhd Line: 13
    Warning (13010): Node "PINS[10]~synth" File: C:/Users/siedl/Desktop/FPGA-CPU/src/cpu.vhd Line: 13
    Warning (13010): Node "PINS[11]~synth" File: C:/Users/siedl/Desktop/FPGA-CPU/src/cpu.vhd Line: 13
    Warning (13010): Node "PINS[12]~synth" File: C:/Users/siedl/Desktop/FPGA-CPU/src/cpu.vhd Line: 13
    Warning (13010): Node "PINS[13]~synth" File: C:/Users/siedl/Desktop/FPGA-CPU/src/cpu.vhd Line: 13
    Warning (13010): Node "PINS[14]~synth" File: C:/Users/siedl/Desktop/FPGA-CPU/src/cpu.vhd Line: 13
    Warning (13010): Node "PINS[15]~synth" File: C:/Users/siedl/Desktop/FPGA-CPU/src/cpu.vhd Line: 13
Info (286030): Timing-Driven Synthesis is running
Info (16010): Generating hard_block partition "hard_block:auto_generated_inst"
    Info (16011): Adding 0 node(s), including 0 DDIO, 0 PLL, 0 transceiver and 0 LCELL
Info (21057): Implemented 6320 device resources after synthesis - the final resource count might be different
    Info (21058): Implemented 2 input pins
    Info (21059): Implemented 0 output pins
    Info (21060): Implemented 16 bidirectional pins
    Info (21061): Implemented 6294 logic cells
    Info (21064): Implemented 8 RAM segments
Info: Quartus Prime Analysis & Synthesis was successful. 0 errors, 39 warnings
    Info: Peak virtual memory: 5072 megabytes
    Info: Processing ended: Sat Jan 08 12:32:15 2022
    Info: Elapsed time: 00:01:02
    Info: Total CPU time (on all processors): 00:01:13


